<?xml version="1.0" encoding="UTF-8"?>
<!-- Generated by org.testng.reporters.JUnitXMLReporter -->
<testsuite hostname="DESKTOP-2HQUFGF" name="Test" tests="1" failures="1" timestamp="11 Aug 2020 12:37:29 GMT" time="0.162" errors="0">
  <testcase name="verifyHomepageTitle" time="0.145" classname="RunChrome.NewTest">
    <failure type="java.lang.NoSuchMethodError" message="org.openqa.selenium.remote.HttpCommandExecutor.&amp;lt;init&amp;gt;(Ljava/util/Map;Ljava/net/URL;)V">
      <![CDATA[java.lang.NoSuchMethodError: org.openqa.selenium.remote.HttpCommandExecutor.<init>(Ljava/util/Map;Ljava/net/URL;)V
	at org.openqa.selenium.remote.service.DriverCommandExecutor.<init>(DriverCommandExecutor.java:63)
	at org.openqa.selenium.chrome.ChromeDriverCommandExecutor.<init>(ChromeDriverCommandExecutor.java:46)
	at org.openqa.selenium.chrome.ChromeDriver.<init>(ChromeDriver.java:181)
	at org.openqa.selenium.chrome.ChromeDriver.<init>(ChromeDriver.java:168)
	at org.openqa.selenium.chrome.ChromeDriver.<init>(ChromeDriver.java:123)
	at RunChrome.NewTest.verifyHomepageTitle(NewTest.java:18)
... Removed 23 stack frames]]>
    </failure>
  </testcase> <!-- verifyHomepageTitle -->
</testsuite> <!-- Test -->
